#
# There is insufficient memory for the Java Runtime Environment to continue.
# Native memory allocation (malloc) failed to allocate 1814576 bytes. Error detail: Chunk::new
# Possible reasons:
#   The system is out of physical RAM or swap space
#   This process is running with CompressedOops enabled, and the Java Heap may be blocking the growth of the native heap
# Possible solutions:
#   Reduce memory load on the system
#   Increase physical memory or swap space
#   Check if swap backing store is full
#   Decrease Java heap size (-Xmx/-Xms)
#   Decrease number of Java threads
#   Decrease Java thread stack sizes (-Xss)
#   Set larger code cache with -XX:ReservedCodeCacheSize=
#   JVM is running with Unscaled Compressed Oops mode in which the Java heap is
#     placed in the first 4GB address space. The Java Heap base address is the
#     maximum limit for the native heap growth. Please use -XX:HeapBaseMinAddress
#     to set the Java Heap base and to place the Java Heap above 4GB virtual address.
# This output file may be truncated or incomplete.
#
#  Out of Memory Error (arena.cpp:168), pid=76324, tid=66296
#
# JRE version: OpenJDK Runtime Environment Temurin-21.0.6+7 (21.0.6+7) (build 21.0.6+7-LTS)
# Java VM: OpenJDK 64-Bit Server VM Temurin-21.0.6+7 (21.0.6+7-LTS, mixed mode, sharing, tiered, compressed oops, compressed class ptrs, parallel gc, windows-amd64)
# No core dump will be written. Minidumps are not enabled by default on client versions of Windows
#

---------------  S U M M A R Y ------------

Command Line: --add-modules=ALL-SYSTEM --add-opens=java.base/java.util=ALL-UNNAMED --add-opens=java.base/java.lang=ALL-UNNAMED --add-opens=java.base/sun.nio.fs=ALL-UNNAMED -Declipse.application=org.eclipse.jdt.ls.core.id1 -Dosgi.bundles.defaultStartLevel=4 -Declipse.product=org.eclipse.jdt.ls.core.product -Djava.import.generatesMetadataFilesAtProjectRoot=false -DDetectVMInstallationsJob.disabled=true -Dfile.encoding=utf8 -XX:+UseParallelGC -XX:GCTimeRatio=4 -XX:AdaptiveSizePolicyWeight=90 -Dsun.zip.disableMemoryMapping=true -Xmx1G -Xms100m -Xlog:disable -javaagent:c:\Users\pauld\.windsurf\extensions\redhat.java-1.41.1-win32-x64\lombok\lombok-1.18.36.jar -XX:+HeapDumpOnOutOfMemoryError -XX:HeapDumpPath=c:\Users\pauld\AppData\Roaming\Windsurf\User\workspaceStorage\8a4dcf82ffc1df776016f311c2325f84\redhat.java -Daether.dependencyCollector.impl=bf c:\Users\pauld\.windsurf\extensions\redhat.java-1.41.1-win32-x64\server\plugins\org.eclipse.equinox.launcher_1.7.0.v20250331-1702.jar -configuration c:\Users\pauld\AppData\Roaming\Windsurf\User\globalStorage\redhat.java\1.41.1\config_win -data c:\Users\pauld\AppData\Roaming\Windsurf\User\workspaceStorage\8a4dcf82ffc1df776016f311c2325f84\redhat.java\jdt_ws --pipe=\\.\pipe\lsp-3817a47946cc4fa32b09d012a1b3ce6a-sock

Host: 11th Gen Intel(R) Core(TM) i5-1135G7 @ 2.40GHz, 8 cores, 15G,  Windows 11 , 64 bit Build 22621 (10.0.22621.4974)
Time: Fri Apr 18 22:37:44 2025 Paris, Madrid (heure duild 22621 (10.0.22621.4974) elapsed time: 919.949254 seconds (0d 0h 15m 19s)

---------------  T H R E A D  ---------------

Current thread (0x000001c4e61d0970):  JavaThread "C2 CompilerThread0" daemon [_thread_in_native, id=66296, stack(0x000000af31300000,0x000000af31400000) (1024K)]


Current CompileTask:
C2:919949 12503       4       org.eclipse.jdt.internal.compiler.lookup.TypeSystem::getParameterizedType (258 bytes)

Stack: [0x000000af31300000,0x000000af31400000]
Native frames: (J=compiled Java code, j=interpreted, Vv=VM code, C=native code)
V  [jvm.dll+0x6cdee9]
V  [jvm.dll+0x8a83d1]
V  [jvm.dll+0x8aa8fe]
V  [jvm.dll+0x8aafe3]
V  [jvm.dll+0x27f706]
V  [jvm.dll+0xc500d]
V  [jvm.dll+0xc5543]
V  [jvm.dll+0x3b678c]
V  [jvm.dll+0x1e0009]
V  [jvm.dll+0x247b42]
V  [jvm.dll+0x246fcf]
V  [jvm.dll+0x1c75ee]
V  [jvm.dll+0x25685a]
V  [jvm.dll+0x254dfa]
V  [jvm.dll+0x3f0256]
V  [jvm.dll+0x851f8b]
V  [jvm.dll+0x6cc5ed]
C  [ucrtbase.dll+0x29333]
C  [KERNEL32.DLL+0x1259d]
C  [ntdll.dll+0x5af38]


---------------  P R O C E S S  ---------------

Threads class SMR info:
_java_thread_list=0x000001c4ed108be0, length=41, elements={
0x000001c490e11610, 0x000001c490eccf20, 0x000001c490ecdd30, 0x000001c4e61c52c0,
0x000001c4e61c86b0, 0x000001c4e61c93d0, 0x000001c4e61c7990, 0x000001c4e61d0970,
0x000001c4e7bd0f70, 0x000001c4e61c7300, 0x000001c4e61ca780, 0x000001c4e61c8020,
0x000001c4e61c8d40, 0x000001c4e61ca0f0, 0x000001c4e7c5df00, 0x000001c4e7c61a10,
0x000001c4e7c5b7a0, 0x000001c4e7c5e590, 0x000001c4e7c5be30, 0x000001c4e7c5f2b0,
0x000001c4e7c5c4c0, 0x000001c4e7c5cb50, 0x000001c4e7c5ffd0, 0x000001c4e7c5d870,
0x000001c4e7c60660, 0x000001c4ee9506c0, 0x000001c4ee9513e0, 0x000001c4ee952100,
0x000001c4ee952790, 0x000001c4ee952e20, 0x000001c4ee9534b0, 0x000001c4ee955580,
0x000001c4ee954860, 0x000001c4eeb5ef70, 0x000001c4eeb616d0, 0x000001c4eeb623f0,
0x000001c4eeb644c0, 0x000001c4eeb5f600, 0x000001c4eeb60320, 0x000001c4eeb62a80,
0x000001c4eeb609b0
}

Java Threads: ( => current thread )
  0x000001c490e11610 JavaThread "main"                              [_thread_blocked, id=75216, stack(0x000000af30900000,0x000000af30a00000) (1024K)]
  0x000001c490eccf20 JavaThread "Reference Handler"          daemon [_thread_blocked, id=74332, stack(0x000000af30d00000,0x000000af30e00000) (1024K)]
  0x000001c490ecdd30 JavaThread "Finalizer"                  daemon [_thread_blocked, id=75452, stack(0x000000af30e00000,0x000000af30f00000) (1024K)]
  0x000001c4e61c52c0 JavaThread "Signal Dispatcher"          daemon [_thread_blocked, id=79504, stack(0x000000af30f00000,0x000000af31000000) (1024K)]
  0x000001c4e61c86b0 JavaThread "Attach Listener"            daemon [_thread_blocked, id=77512, stack(0x000000af31000000,0x000000af31100000) (1024K)]
  0x000001c4e61c93d0 JavaThread "Service Thread"             daemon [_thread_blocked, id=78188, stack(0x000000af31100000,0x000000af31200000) (1024K)]
  0x000001c4e61c7990 JavaThread "Monitor Deflation Thread"   daemon [_thread_blocked, id=80444, stack(0x000000af31200000,0x000000af31300000) (1024K)]
=>0x000001c4e61d0970 JavaThread "C2 CompilerThread0"         daemon [_thread_in_native, id=66296, stack(0x000000af31300000,0x000000af31400000) (1024K)]
  0x000001c4e7bd0f70 JavaThread "C1 CompilerThread0"         daemon [_thread_blocked, id=68760, stack(0x000000af31400000,0x000000af31500000) (1024K)]
  0x000001c4e61c7300 JavaThread "Common-Cleaner"             daemon [_thread_blocked, id=74128, stack(0x000000af31500000,0x000000af31600000) (1024K)]
  0x000001c4e61ca780 JavaThread "Notification Thread"        daemon [_thread_blocked, id=60344, stack(0x000000af31600000,0x000000af31700000) (1024K)]
  0x000001c4e61c8020 JavaThread "Active Thread: Equinox Container: fac1a1a8-036d-4e06-ba45-1efd0e5961f3"        [_thread_blocked, id=79548, stack(0x000000af31f00000,0x000000af32000000) (1024K)]
  0x000001c4e61c8d40 JavaThread "Refresh Thread: Equinox Container: fac1a1a8-036d-4e06-ba45-1efd0e5961f3" daemon [_thread_blocked, id=69900, stack(0x000000af31700000,0x000000af31800000) (1024K)]
  0x000001c4e61ca0f0 JavaThread "Framework Event Dispatcher: Equinox Container: fac1a1a8-036d-4e06-ba45-1efd0e5961f3" daemon [_thread_blocked, id=79960, stack(0x000000af32000000,0x000000af32100000) (1024K)]
  0x000001c4e7c5df00 JavaThread "Start Level: Equinox Container: fac1a1a8-036d-4e06-ba45-1efd0e5961f3" daemon [_thread_blocked, id=62152, stack(0x000000af32100000,0x000000af32200000) (1024K)]
  0x000001c4e7c61a10 JavaThread "Bundle File Closer"         daemon [_thread_blocked, id=65412, stack(0x000000af32200000,0x000000af32300000) (1024K)]
  0x000001c4e7c5b7a0 JavaThread "SCR Component Actor"        daemon [_thread_blocked, id=68080, stack(0x000000af32300000,0x000000af32400000) (1024K)]
  0x000001c4e7c5e590 JavaThread "Worker-JM"                         [_thread_blocked, id=59044, stack(0x000000af32600000,0x000000af32700000) (1024K)]
  0x000001c4e7c5be30 JavaThread "JNA Cleaner"                daemon [_thread_blocked, id=80176, stack(0x000000af32700000,0x000000af32800000) (1024K)]
  0x000001c4e7c5f2b0 JavaThread "Worker-0"                          [_thread_blocked, id=80720, stack(0x000000af32800000,0x000000af32900000) (1024K)]
  0x000001c4e7c5c4c0 JavaThread "Java indexing"              daemon [_thread_blocked, id=79456, stack(0x000000af32a00000,0x000000af32b00000) (1024K)]
  0x000001c4e7c5cb50 JavaThread "Thread-2"                   daemon [_thread_in_native, id=75764, stack(0x000000af33000000,0x000000af33100000) (1024K)]
  0x000001c4e7c5ffd0 JavaThread "Thread-3"                   daemon [_thread_in_native, id=78976, stack(0x000000af33100000,0x000000af33200000) (1024K)]
  0x000001c4e7c5d870 JavaThread "Thread-4"                   daemon [_thread_in_native, id=39644, stack(0x000000af33200000,0x000000af33300000) (1024K)]
  0x000001c4e7c60660 JavaThread "Thread-5"                   daemon [_thread_in_native, id=38036, stack(0x000000af33300000,0x000000af33400000) (1024K)]
  0x000001c4ee9506c0 JavaThread "Thread-6"                   daemon [_thread_in_native, id=72568, stack(0x000000af33400000,0x000000af33500000) (1024K)]
  0x000001c4ee9513e0 JavaThread "Thread-7"                   daemon [_thread_in_native, id=68504, stack(0x000000af33500000,0x000000af33600000) (1024K)]
  0x000001c4ee952100 JavaThread "Thread-8"                   daemon [_thread_in_native, id=78016, stack(0x000000af33600000,0x000000af33700000) (1024K)]
  0x000001c4ee952790 JavaThread "Thread-9"                   daemon [_thread_in_native, id=70448, stack(0x000000af33700000,0x000000af33800000) (1024K)]
  0x000001c4ee952e20 JavaThread "Thread-10"                  daemon [_thread_in_native, id=76612, stack(0x000000af33800000,0x000000af33900000) (1024K)]
  0x000001c4ee9534b0 JavaThread "pool-2-thread-1"                   [_thread_blocked, id=64460, stack(0x000000af33900000,0x000000af33a00000) (1024K)]
  0x000001c4ee955580 JavaThread "WorkspaceEventsHandler"            [_thread_blocked, id=77868, stack(0x000000af33a00000,0x000000af33b00000) (1024K)]
  0x000001c4ee954860 JavaThread "pool-1-thread-1"                   [_thread_blocked, id=68428, stack(0x000000af33b00000,0x000000af33c00000) (1024K)]
  0x000001c4eeb5ef70 JavaThread "Java Debug Server"          daemon [_thread_in_native, id=72024, stack(0x000000af35700000,0x000000af35800000) (1024K)]
  0x000001c4eeb616d0 JavaThread "RxSchedulerPurge-1"         daemon [_thread_blocked, id=50660, stack(0x000000af35900000,0x000000af35a00000) (1024K)]
  0x000001c4eeb623f0 JavaThread "RxCachedWorkerPoolEvictor-1" daemon [_thread_blocked, id=70148, stack(0x000000af35a00000,0x000000af35b00000) (1024K)]
  0x000001c4eeb644c0 JavaThread "Worker-8"                          [_thread_blocked, id=69740, stack(0x000000af30600000,0x000000af30700000) (1024K)]
  0x000001c4eeb5f600 JavaThread "pool-3-thread-2"                   [_thread_in_native, id=74184, stack(0x000000af30700000,0x000000af30800000) (1024K)]
  0x000001c4eeb60320 JavaThread "RxNewThreadScheduler-3"     daemon [_thread_blocked, id=70380, stack(0x000000af32900000,0x000000af32a00000) (1024K)]
  0x000001c4eeb62a80 JavaThread "process reaper (pid 36792)" daemon [_thread_in_native, id=63784, stack(0x000000af303a0000,0x000000af303c0000) (128K)]
  0x000001c4eeb609b0 JavaThread "ForkJoinPool.commonPool-worker-8" daemon [_thread_blocked, id=12104, stack(0x000000af30800000,0x000000af30900000) (1024K)]
Total: 41

Other Threads:
  0x000001c490eae790 VMThread "VM Thread"                           [id=79972, stack(0x000000af30c00000,0x000000af30d00000) (1024K)]
  0x000001c490e7e040 WatcherThread "VM Periodic Task Thread"        [id=62424, stack(0x000000af30b00000,0x000000af30c00000) (1024K)]
  0x000001c490e2f920 WorkerThread "GC Thread#0"                     [id=73828, stack(0x000000af30a00000,0x000000af30b00000) (1024K)]
  0x000001c4ec865c10 WorkerThread "GC Thread#1"                     [id=80132, stack(0x000000af31900000,0x000000af31a00000) (1024K)]
  0x000001c4ec6f0e60 WorkerThread "GC Thread#2"                     [id=79312, stack(0x000000af31a00000,0x000000af31b00000) (1024K)]
  0x000001c4ec6f1200 WorkerThread "GC Thread#3"                     [id=70640, stack(0x000000af31b00000,0x000000af31c00000) (1024K)]
  0x000001c4ec6f15a0 WorkerThread "GC Thread#4"                     [id=77052, stack(0x000000af31c00000,0x000000af31d00000) (1024K)]
  0x000001c4ec6f1940 WorkerThread "GC Thread#5"                     [id=78076, stack(0x000000af31d00000,0x000000af31e00000) (1024K)]
  0x000001c4ec6f1ce0 WorkerThread "GC Thread#6"                     [id=68176, stack(0x000000af31e00000,0x000000af31f00000) (1024K)]
  0x000001c4e7dc8250 WorkerThread "GC Thread#7"                     [id=80148, stack(0x000000af31800000,0x000000af31900000) (1024K)]
Total: 10

Threads with active compile tasks:
C2 CompilerThread0  919991 12503       4       org.eclipse.jdt.internal.compiler.lookup.TypeSystem::getParameterizedType (258 bytes)
Total: 1

VM state: not at safepoint (normal execution)

VM Mutex/Monitor currently owned by a thread: None

Heap address: 0x00000000c0000000, size: 1024 MB, Compressed Oops mode: 32-bit

CDS archive(s) mapped at: [0x000001c4a5000000-0x000001c4a5ba0000-0x000001c4a5ba0000), size 12189696, SharedBaseAddress: 0x000001c4a5000000, ArchiveRelocationMode: 1.
Compressed class space mapped at: 0x000001c4a6000000-0x000001c4e6000000, reserved size: 1073741824
Narrow klass base: 0x000001c4a5000000, Narrow klass shift: 0, Narrow klass range: 0x100000000

GC Precious Log:
 CardTable entry size: 512
 CPUs: 8 total, 8 available
 Memory: 16133M
 Large Page Support: Disabled
 NUMA Support: Disabled
 Compressed Oops: Enabled (32-bit)
 Alignments: Space 512K, Generation 512K, Heap 2M
 Heap Min Capacity: 100M
 Heap Initial Capacity: 100M
 Heap Max Capacity: 1G
 Pre-touch: Disabled
 Parallel Workers: 8

Heap:
 PSYoungGen      total 15360K, used 8683K [0x00000000eab00000, 0x00000000ec080000, 0x0000000100000000)
  eden space 14848K, 56% used [0x00000000eab00000,0x00000000eb332ca0,0x00000000eb980000)
  from space 512K, 56% used [0x00000000eba80000,0x00000000ebac8030,0x00000000ebb00000)
  to   space 2048K, 0% used [0x00000000ebe80000,0x00000000ebe80000,0x00000000ec080000)
 ParOldGen       total 109056K, used 108656K [0x00000000c0000000, 0x00000000c6a80000, 0x00000000eab00000)
  object space 109056K, 99% used [0x00000000c0000000,0x00000000c6a1c0c0,0x00000000c6a80000)
 Metaspace       used 67524K, committed 68992K, reserved 1114112K
  class space    used 6810K, committed 7488K, reserved 1048576K

Card table byte_map: [0x000001c4907b0000,0x000001c4909c0000] _byte_map_base: 0x000001c4901b0000

Marking Bits: (ParMarkBitMap*) 0x00007ff9f40e3260
 Begin Bits: [0x000001c4a3000000, 0x000001c4a4000000)
 End Bits:   [0x000001c4a4000000, 0x000001c4a5000000)

Polling page: 0x000001c48ec90000

Metaspace:

Usage:
  Non-class:     59.29 MB used.
      Class:      6.65 MB used.
       Both:     65.94 MB used.

Virtual space:
  Non-class space:       64.00 MB reserved,      60.06 MB ( 94%) committed,  1 nodes.
      Class space:        1.00 GB reserved,       7.31 MB ( <1%) committed,  1 nodes.
             Both:        1.06 GB reserved,      67.38 MB (  6%) committed. 

Chunk freelists:
   Non-Class:  3.72 MB
       Class:  8.68 MB
        Both:  12.40 MB

MaxMetaspaceSize: unlimited
CompressedClassSpaceSize: 1.00 GB
Initial GC threshold: 21.00 MB
Current GC threshold: 97.31 MB
CDS: on
 - commit_granule_bytes: 65536.
 - commit_granule_words: 8192.
 - virtual_space_node_default_size: 8388608.
 - enlarge_chunks_in_place: 1.
 - use_allocation_guard: 0.


Internal statistics:

num_allocs_failed_limit: 9.
num_arena_births: 1188.
num_arena_deaths: 24.
num_vsnodes_births: 2.
num_vsnodes_deaths: 0.
num_space_committed: 1078.
num_space_uncommitted: 0.
num_chunks_returned_to_freelist: 35.
num_chunks_taken_from_freelist: 4319.
num_chunk_merges: 13.
num_chunk_splits: 2679.
num_chunks_enlarged: 1588.
num_inconsistent_stats: 0.

CodeHeap 'non-profiled nmethods': size=120000Kb used=9004Kb max_used=9004Kb free=110995Kb
 bounds [0x000001c49bad0000, 0x000001c49c3a0000, 0x000001c4a3000000]
CodeHeap 'profiled nmethods': size=120000Kb used=28529Kb max_used=28529Kb free=91470Kb
 bounds [0x000001c494000000, 0x000001c495be0000, 0x000001c49b530000]
CodeHeap 'non-nmethods': size=5760Kb used=1470Kb max_used=1542Kb free=4289Kb
 bounds [0x000001c49b530000, 0x000001c49b7a0000, 0x000001c49bad0000]
 total_blobs=12543 nmethods=11765 adapters=682
 compilation: enabled
              stopped_count=0, restarted_count=0
 full_count=0

Compilation events (20 events):
Event: 919.135 Thread 0x000001c4e7bd0f70 nmethod 12495 0x000001c495bd2a10 code [0x000001c495bd2be0, 0x000001c495bd2fa8]
Event: 919.141 Thread 0x000001c4e61d0970 12496       4       java.io.File::getParentFile (41 bytes)
Event: 919.144 Thread 0x000001c4e7bd0f70 12497       3       org.eclipse.jdt.internal.compiler.util.HashtableOfType::<init> (49 bytes)
Event: 919.144 Thread 0x000001c4e7bd0f70 nmethod 12497 0x000001c495bd3110 code [0x000001c495bd32e0, 0x000001c495bd3610]
Event: 919.149 Thread 0x000001c4e7bd0f70 12499   !   3       org.eclipse.jdt.internal.core.util.DeduplicationUtil::intern (61 bytes)
Event: 919.150 Thread 0x000001c4e7bd0f70 nmethod 12499 0x000001c495bd3710 code [0x000001c495bd3900, 0x000001c495bd3f08]
Event: 919.150 Thread 0x000001c4e7bd0f70 12500       3       org.eclipse.jdt.internal.core.CompilationUnitStructureRequestor::acceptMethodParameters (290 bytes)
Event: 919.152 Thread 0x000001c4e61d0970 nmethod 12496 0x000001c49c39a090 code [0x000001c49c39a280, 0x000001c49c39aa40]
Event: 919.152 Thread 0x000001c4e7bd0f70 nmethod 12500 0x000001c495bd4110 code [0x000001c495bd44a0, 0x000001c495bd6458]
Event: 919.152 Thread 0x000001c4e61d0970 12498       4       java.util.TreeMap$KeyIterator::next (8 bytes)
Event: 919.152 Thread 0x000001c4e7bd0f70 12501   !   3       lombok.core.configuration.FileSystemSourceCache::forUri (180 bytes)
Event: 919.154 Thread 0x000001c4e7bd0f70 nmethod 12501 0x000001c495bd7290 code [0x000001c495bd7780, 0x000001c495bd9ce0]
Event: 919.154 Thread 0x000001c4e7bd0f70 12502       3       org.eclipse.jdt.internal.compiler.lookup.BinaryTypeBinding::hasMemberTypes (27 bytes)
Event: 919.154 Thread 0x000001c4e61d0970 nmethod 12498 0x000001c49c39af10 code [0x000001c49c39b0a0, 0x000001c49c39b240]
Event: 919.154 Thread 0x000001c4e61d0970 12503       4       org.eclipse.jdt.internal.compiler.lookup.TypeSystem::getParameterizedType (258 bytes)
Event: 919.155 Thread 0x000001c4e7bd0f70 nmethod 12502 0x000001c495bdad10 code [0x000001c495bdaf00, 0x000001c495bdb438]
Event: 919.156 Thread 0x000001c4e7bd0f70 12505       3       org.eclipse.jdt.internal.core.CompilationUnit::<init> (16 bytes)
Event: 919.156 Thread 0x000001c4e7bd0f70 nmethod 12505 0x000001c495bdb610 code [0x000001c495bdb7e0, 0x000001c495bdbbb8]
Event: 919.156 Thread 0x000001c4e7bd0f70 12506  s    3       java.lang.StringBuffer::toString (34 bytes)
Event: 919.156 Thread 0x000001c4e7bd0f70 nmethod 12506 0x000001c495bdbd90 code [0x000001c495bdbf60, 0x000001c495bdc338]

GC Heap History (20 events):
Event: 202.914 GC heap before
{Heap before GC invocations=99 (full 3):
 PSYoungGen      total 15872K, used 15738K [0x00000000eab00000, 0x00000000ec680000, 0x0000000100000000)
  eden space 14848K, 99% used [0x00000000eab00000,0x00000000eb963e38,0x00000000eb980000)
  from space 1024K, 97% used [0x00000000ebc00000,0x00000000ebcfac88,0x00000000ebd00000)
  to   space 6656K, 0% used [0x00000000ec000000,0x00000000ec000000,0x00000000ec680000)
 ParOldGen       total 90112K, used 89940K [0x00000000c0000000, 0x00000000c5800000, 0x00000000eab00000)
  object space 90112K, 99% used [0x00000000c0000000,0x00000000c57d5040,0x00000000c5800000)
 Metaspace       used 66866K, committed 68288K, reserved 1114112K
  class space    used 6787K, committed 7424K, reserved 1048576K
}
Event: 202.916 GC heap after
{Heap after GC invocations=99 (full 3):
 PSYoungGen      total 16384K, used 1427K [0x00000000eab00000, 0x00000000ec180000, 0x0000000100000000)
  eden space 14848K, 0% used [0x00000000eab00000,0x00000000eab00000,0x00000000eb980000)
  from space 1536K, 92% used [0x00000000ec000000,0x00000000ec164db0,0x00000000ec180000)
  to   space 3072K, 0% used [0x00000000ebb80000,0x00000000ebb80000,0x00000000ebe80000)
 ParOldGen       total 90624K, used 90244K [0x00000000c0000000, 0x00000000c5880000, 0x00000000eab00000)
  object space 90624K, 99% used [0x00000000c0000000,0x00000000c5821070,0x00000000c5880000)
 Metaspace       used 66866K, committed 68288K, reserved 1114112K
  class space    used 6787K, committed 7424K, reserved 1048576K
}
Event: 203.046 GC heap before
{Heap before GC invocations=100 (full 3):
 PSYoungGen      total 16384K, used 16275K [0x00000000eab00000, 0x00000000ec180000, 0x0000000100000000)
  eden space 14848K, 100% used [0x00000000eab00000,0x00000000eb980000,0x00000000eb980000)
  from space 1536K, 92% used [0x00000000ec000000,0x00000000ec164db0,0x00000000ec180000)
  to   space 3072K, 0% used [0x00000000ebb80000,0x00000000ebb80000,0x00000000ebe80000)
 ParOldGen       total 90624K, used 90244K [0x00000000c0000000, 0x00000000c5880000, 0x00000000eab00000)
  object space 90624K, 99% used [0x00000000c0000000,0x00000000c5821070,0x00000000c5880000)
 Metaspace       used 66880K, committed 68352K, reserved 1114112K
  class space    used 6787K, committed 7424K, reserved 1048576K
}
Event: 203.049 GC heap after
{Heap after GC invocations=100 (full 3):
 PSYoungGen      total 17920K, used 3052K [0x00000000eab00000, 0x00000000ec780000, 0x0000000100000000)
  eden space 14848K, 0% used [0x00000000eab00000,0x00000000eab00000,0x00000000eb980000)
  from space 3072K, 99% used [0x00000000ebb80000,0x00000000ebe7b3a8,0x00000000ebe80000)
  to   space 7168K, 0% used [0x00000000ec080000,0x00000000ec080000,0x00000000ec780000)
 ParOldGen       total 93696K, used 93285K [0x00000000c0000000, 0x00000000c5b80000, 0x00000000eab00000)
  object space 93696K, 99% used [0x00000000c0000000,0x00000000c5b196f0,0x00000000c5b80000)
 Metaspace       used 66880K, committed 68352K, reserved 1114112K
  class space    used 6787K, committed 7424K, reserved 1048576K
}
Event: 212.939 GC heap before
{Heap before GC invocations=101 (full 3):
 PSYoungGen      total 17920K, used 17885K [0x00000000eab00000, 0x00000000ec780000, 0x0000000100000000)
  eden space 14848K, 99% used [0x00000000eab00000,0x00000000eb97c190,0x00000000eb980000)
  from space 3072K, 99% used [0x00000000ebb80000,0x00000000ebe7b3a8,0x00000000ebe80000)
  to   space 7168K, 0% used [0x00000000ec080000,0x00000000ec080000,0x00000000ec780000)
 ParOldGen       total 93696K, used 93285K [0x00000000c0000000, 0x00000000c5b80000, 0x00000000eab00000)
  object space 93696K, 99% used [0x00000000c0000000,0x00000000c5b196f0,0x00000000c5b80000)
 Metaspace       used 66971K, committed 68416K, reserved 1114112K
  class space    used 6788K, committed 7424K, reserved 1048576K
}
Event: 212.942 GC heap after
{Heap after GC invocations=101 (full 3):
 PSYoungGen      total 18944K, used 4008K [0x00000000eab00000, 0x00000000ec480000, 0x0000000100000000)
  eden space 14848K, 0% used [0x00000000eab00000,0x00000000eab00000,0x00000000eb980000)
  from space 4096K, 97% used [0x00000000ec080000,0x00000000ec46a000,0x00000000ec480000)
  to   space 5120K, 0% used [0x00000000eba80000,0x00000000eba80000,0x00000000ebf80000)
 ParOldGen       total 94208K, used 94199K [0x00000000c0000000, 0x00000000c5c00000, 0x00000000eab00000)
  object space 94208K, 99% used [0x00000000c0000000,0x00000000c5bfdcd0,0x00000000c5c00000)
 Metaspace       used 66971K, committed 68416K, reserved 1114112K
  class space    used 6788K, committed 7424K, reserved 1048576K
}
Event: 213.324 GC heap before
{Heap before GC invocations=102 (full 3):
 PSYoungGen      total 18944K, used 17167K [0x00000000eab00000, 0x00000000ec480000, 0x0000000100000000)
  eden space 14848K, 88% used [0x00000000eab00000,0x00000000eb7d9e68,0x00000000eb980000)
  from space 4096K, 97% used [0x00000000ec080000,0x00000000ec46a000,0x00000000ec480000)
  to   space 5120K, 0% used [0x00000000eba80000,0x00000000eba80000,0x00000000ebf80000)
 ParOldGen       total 94208K, used 94199K [0x00000000c0000000, 0x00000000c5c00000, 0x00000000eab00000)
  object space 94208K, 99% used [0x00000000c0000000,0x00000000c5bfdcd0,0x00000000c5c00000)
 Metaspace       used 66990K, committed 68480K, reserved 1114112K
  class space    used 6788K, committed 7424K, reserved 1048576K
}
Event: 213.330 GC heap after
{Heap after GC invocations=102 (full 3):
 PSYoungGen      total 19456K, used 4228K [0x00000000eab00000, 0x00000000ec280000, 0x0000000100000000)
  eden space 14848K, 0% used [0x00000000eab00000,0x00000000eab00000,0x00000000eb980000)
  from space 4608K, 91% used [0x00000000eba80000,0x00000000ebea1360,0x00000000ebf00000)
  to   space 3584K, 0% used [0x00000000ebf00000,0x00000000ebf00000,0x00000000ec280000)
 ParOldGen       total 98304K, used 98101K [0x00000000c0000000, 0x00000000c6000000, 0x00000000eab00000)
  object space 98304K, 99% used [0x00000000c0000000,0x00000000c5fcd5f8,0x00000000c6000000)
 Metaspace       used 66990K, committed 68480K, reserved 1114112K
  class space    used 6788K, committed 7424K, reserved 1048576K
}
Event: 214.046 GC heap before
{Heap before GC invocations=103 (full 3):
 PSYoungGen      total 19456K, used 19076K [0x00000000eab00000, 0x00000000ec280000, 0x0000000100000000)
  eden space 14848K, 99% used [0x00000000eab00000,0x00000000eb97ffd0,0x00000000eb980000)
  from space 4608K, 91% used [0x00000000eba80000,0x00000000ebea1360,0x00000000ebf00000)
  to   space 3584K, 0% used [0x00000000ebf00000,0x00000000ebf00000,0x00000000ec280000)
 ParOldGen       total 98304K, used 98101K [0x00000000c0000000, 0x00000000c6000000, 0x00000000eab00000)
  object space 98304K, 99% used [0x00000000c0000000,0x00000000c5fcd5f8,0x00000000c6000000)
 Metaspace       used 67014K, committed 68480K, reserved 1114112K
  class space    used 6789K, committed 7424K, reserved 1048576K
}
Event: 214.047 GC heap after
{Heap after GC invocations=103 (full 3):
 PSYoungGen      total 15872K, used 592K [0x00000000eab00000, 0x00000000ec000000, 0x0000000100000000)
  eden space 14848K, 0% used [0x00000000eab00000,0x00000000eab00000,0x00000000eb980000)
  from space 1024K, 57% used [0x00000000ebf00000,0x00000000ebf94010,0x00000000ec000000)
  to   space 2048K, 0% used [0x00000000ebc00000,0x00000000ebc00000,0x00000000ebe00000)
 ParOldGen       total 98304K, used 98165K [0x00000000c0000000, 0x00000000c6000000, 0x00000000eab00000)
  object space 98304K, 99% used [0x00000000c0000000,0x00000000c5fdd5f8,0x00000000c6000000)
 Metaspace       used 67014K, committed 68480K, reserved 1114112K
  class space    used 6789K, committed 7424K, reserved 1048576K
}
Event: 223.033 GC heap before
{Heap before GC invocations=104 (full 3):
 PSYoungGen      total 15872K, used 15354K [0x00000000eab00000, 0x00000000ec000000, 0x0000000100000000)
  eden space 14848K, 99% used [0x00000000eab00000,0x00000000eb96abc8,0x00000000eb980000)
  from space 1024K, 57% used [0x00000000ebf00000,0x00000000ebf94010,0x00000000ec000000)
  to   space 2048K, 0% used [0x00000000ebc00000,0x00000000ebc00000,0x00000000ebe00000)
 ParOldGen       total 98304K, used 98165K [0x00000000c0000000, 0x00000000c6000000, 0x00000000eab00000)
  object space 98304K, 99% used [0x00000000c0000000,0x00000000c5fdd5f8,0x00000000c6000000)
 Metaspace       used 67077K, committed 68544K, reserved 1114112K
  class space    used 6789K, committed 7424K, reserved 1048576K
}
Event: 223.038 GC heap after
{Heap after GC invocations=104 (full 3):
 PSYoungGen      total 16896K, used 2023K [0x00000000eab00000, 0x00000000eca80000, 0x0000000100000000)
  eden space 14848K, 0% used [0x00000000eab00000,0x00000000eab00000,0x00000000eb980000)
  from space 2048K, 98% used [0x00000000ebc00000,0x00000000ebdf9f60,0x00000000ebe00000)
  to   space 8704K, 0% used [0x00000000ec200000,0x00000000ec200000,0x00000000eca80000)
 ParOldGen       total 103424K, used 103286K [0x00000000c0000000, 0x00000000c6500000, 0x00000000eab00000)
  object space 103424K, 99% used [0x00000000c0000000,0x00000000c64dd8d8,0x00000000c6500000)
 Metaspace       used 67077K, committed 68544K, reserved 1114112K
  class space    used 6789K, committed 7424K, reserved 1048576K
}
Event: 223.113 GC heap before
{Heap before GC invocations=105 (full 3):
 PSYoungGen      total 16896K, used 16871K [0x00000000eab00000, 0x00000000eca80000, 0x0000000100000000)
  eden space 14848K, 100% used [0x00000000eab00000,0x00000000eb980000,0x00000000eb980000)
  from space 2048K, 98% used [0x00000000ebc00000,0x00000000ebdf9f60,0x00000000ebe00000)
  to   space 8704K, 0% used [0x00000000ec200000,0x00000000ec200000,0x00000000eca80000)
 ParOldGen       total 103424K, used 103286K [0x00000000c0000000, 0x00000000c6500000, 0x00000000eab00000)
  object space 103424K, 99% used [0x00000000c0000000,0x00000000c64dd8d8,0x00000000c6500000)
 Metaspace       used 67084K, committed 68544K, reserved 1114112K
  class space    used 6789K, committed 7424K, reserved 1048576K
}
Event: 223.116 GC heap after
{Heap after GC invocations=105 (full 3):
 PSYoungGen      total 23552K, used 7915K [0x00000000eab00000, 0x00000000eca80000, 0x0000000100000000)
  eden space 14848K, 0% used [0x00000000eab00000,0x00000000eab00000,0x00000000eb980000)
  from space 8704K, 90% used [0x00000000ec200000,0x00000000ec9bad78,0x00000000eca80000)
  to   space 8704K, 0% used [0x00000000eb980000,0x00000000eb980000,0x00000000ec200000)
 ParOldGen       total 104960K, used 104900K [0x00000000c0000000, 0x00000000c6680000, 0x00000000eab00000)
  object space 104960K, 99% used [0x00000000c0000000,0x00000000c6671170,0x00000000c6680000)
 Metaspace       used 67084K, committed 68544K, reserved 1114112K
  class space    used 6789K, committed 7424K, reserved 1048576K
}
Event: 234.886 GC heap before
{Heap before GC invocations=106 (full 3):
 PSYoungGen      total 23552K, used 22763K [0x00000000eab00000, 0x00000000eca80000, 0x0000000100000000)
  eden space 14848K, 100% used [0x00000000eab00000,0x00000000eb980000,0x00000000eb980000)
  from space 8704K, 90% used [0x00000000ec200000,0x00000000ec9bad78,0x00000000eca80000)
  to   space 8704K, 0% used [0x00000000eb980000,0x00000000eb980000,0x00000000ec200000)
 ParOldGen       total 104960K, used 104900K [0x00000000c0000000, 0x00000000c6680000, 0x00000000eab00000)
  object space 104960K, 99% used [0x00000000c0000000,0x00000000c6671170,0x00000000c6680000)
 Metaspace       used 67157K, committed 68608K, reserved 1114112K
  class space    used 6789K, committed 7424K, reserved 1048576K
}
Event: 234.891 GC heap after
{Heap after GC invocations=106 (full 3):
 PSYoungGen      total 20480K, used 5190K [0x00000000eab00000, 0x00000000ec680000, 0x0000000100000000)
  eden space 14848K, 0% used [0x00000000eab00000,0x00000000eab00000,0x00000000eb980000)
  from space 5632K, 92% used [0x00000000eb980000,0x00000000ebe91b60,0x00000000ebf00000)
  to   space 6656K, 0% used [0x00000000ec000000,0x00000000ec000000,0x00000000ec680000)
 ParOldGen       total 108544K, used 108463K [0x00000000c0000000, 0x00000000c6a00000, 0x00000000eab00000)
  object space 108544K, 99% used [0x00000000c0000000,0x00000000c69ebcf0,0x00000000c6a00000)
 Metaspace       used 67157K, committed 68608K, reserved 1114112K
  class space    used 6789K, committed 7424K, reserved 1048576K
}
Event: 234.975 GC heap before
{Heap before GC invocations=107 (full 3):
 PSYoungGen      total 20480K, used 20038K [0x00000000eab00000, 0x00000000ec680000, 0x0000000100000000)
  eden space 14848K, 100% used [0x00000000eab00000,0x00000000eb980000,0x00000000eb980000)
  from space 5632K, 92% used [0x00000000eb980000,0x00000000ebe91b60,0x00000000ebf00000)
  to   space 6656K, 0% used [0x00000000ec000000,0x00000000ec000000,0x00000000ec680000)
 ParOldGen       total 108544K, used 108463K [0x00000000c0000000, 0x00000000c6a00000, 0x00000000eab00000)
  object space 108544K, 99% used [0x00000000c0000000,0x00000000c69ebcf0,0x00000000c6a00000)
 Metaspace       used 67180K, committed 68608K, reserved 1114112K
  class space    used 6789K, committed 7424K, reserved 1048576K
}
Event: 234.977 GC heap after
{Heap after GC invocations=107 (full 3):
 PSYoungGen      total 19456K, used 4304K [0x00000000eab00000, 0x00000000ec480000, 0x0000000100000000)
  eden space 14848K, 0% used [0x00000000eab00000,0x00000000eab00000,0x00000000eb980000)
  from space 4608K, 93% used [0x00000000ec000000,0x00000000ec434178,0x00000000ec480000)
  to   space 5120K, 0% used [0x00000000eba80000,0x00000000eba80000,0x00000000ebf80000)
 ParOldGen       total 109056K, used 108584K [0x00000000c0000000, 0x00000000c6a80000, 0x00000000eab00000)
  object space 109056K, 99% used [0x00000000c0000000,0x00000000c6a0a0c0,0x00000000c6a80000)
 Metaspace       used 67180K, committed 68608K, reserved 1114112K
  class space    used 6789K, committed 7424K, reserved 1048576K
}
Event: 260.661 GC heap before
{Heap before GC invocations=108 (full 3):
 PSYoungGen      total 19456K, used 19145K [0x00000000eab00000, 0x00000000ec480000, 0x0000000100000000)
  eden space 14848K, 99% used [0x00000000eab00000,0x00000000eb97e570,0x00000000eb980000)
  from space 4608K, 93% used [0x00000000ec000000,0x00000000ec434178,0x00000000ec480000)
  to   space 5120K, 0% used [0x00000000eba80000,0x00000000eba80000,0x00000000ebf80000)
 ParOldGen       total 109056K, used 108584K [0x00000000c0000000, 0x00000000c6a80000, 0x00000000eab00000)
  object space 109056K, 99% used [0x00000000c0000000,0x00000000c6a0a0c0,0x00000000c6a80000)
 Metaspace       used 67290K, committed 68736K, reserved 1114112K
  class space    used 6789K, committed 7424K, reserved 1048576K
}
Event: 260.662 GC heap after
{Heap after GC invocations=108 (full 3):
 PSYoungGen      total 15360K, used 288K [0x00000000eab00000, 0x00000000ec080000, 0x0000000100000000)
  eden space 14848K, 0% used [0x00000000eab00000,0x00000000eab00000,0x00000000eb980000)
  from space 512K, 56% used [0x00000000eba80000,0x00000000ebac8030,0x00000000ebb00000)
  to   space 2048K, 0% used [0x00000000ebe80000,0x00000000ebe80000,0x00000000ec080000)
 ParOldGen       total 109056K, used 108656K [0x00000000c0000000, 0x00000000c6a80000, 0x00000000eab00000)
  object space 109056K, 99% used [0x00000000c0000000,0x00000000c6a1c0c0,0x00000000c6a80000)
 Metaspace       used 67290K, committed 68736K, reserved 1114112K
  class space    used 6789K, committed 7424K, reserved 1048576K
}

Dll operation events (11 events):
Event: 0.011 Loaded shared library c:\Users\pauld\.windsurf\extensions\redhat.java-1.41.1-win32-x64\jre\21.0.6-win32-x86_64\bin\java.dll
Event: 0.133 Loaded shared library c:\Users\pauld\.windsurf\extensions\redhat.java-1.41.1-win32-x64\jre\21.0.6-win32-x86_64\bin\zip.dll
Event: 0.165 Loaded shared library C:\Users\pauld\.windsurf\extensions\redhat.java-1.41.1-win32-x64\jre\21.0.6-win32-x86_64\bin\instrument.dll
Event: 0.174 Loaded shared library C:\Users\pauld\.windsurf\extensions\redhat.java-1.41.1-win32-x64\jre\21.0.6-win32-x86_64\bin\net.dll
Event: 0.179 Loaded shared library C:\Users\pauld\.windsurf\extensions\redhat.java-1.41.1-win32-x64\jre\21.0.6-win32-x86_64\bin\nio.dll
Event: 0.195 Loaded shared library C:\Users\pauld\.windsurf\extensions\redhat.java-1.41.1-win32-x64\jre\21.0.6-win32-x86_64\bin\zip.dll
Event: 0.224 Loaded shared library C:\Users\pauld\.windsurf\extensions\redhat.java-1.41.1-win32-x64\jre\21.0.6-win32-x86_64\bin\jimage.dll
Event: 0.391 Loaded shared library c:\Users\pauld\.windsurf\extensions\redhat.java-1.41.1-win32-x64\jre\21.0.6-win32-x86_64\bin\verify.dll
Event: 10.039 Loaded shared library C:\Users\pauld\AppData\Roaming\Windsurf\User\globalStorage\redhat.java\1.41.1\config_win\org.eclipse.equinox.launcher\org.eclipse.equinox.launcher.win32.win32.x86_64_1.2.1300.v20250331-1702\eclipse_11911.dll
Event: 20.086 Loaded shared library C:\Users\pauld\AppData\Local\Temp\jna-106439964\jna9704973900996114023.dll
Event: 42.375 Loaded shared library C:\Users\pauld\.windsurf\extensions\redhat.java-1.41.1-win32-x64\jre\21.0.6-win32-x86_64\bin\extnet.dll

Deoptimization events (20 events):
Event: 329.072 Thread 0x000001c4e7c5f2b0 Uncommon trap: trap_request=0xffffffde fr.pc=0x000001c49bfc10d8 relative=0x0000000000000418
Event: 329.072 Thread 0x000001c4e7c5f2b0 Uncommon trap: reason=class_check action=maybe_recompile pc=0x000001c49bfc10d8 method=java.io.DataOutputStream.writeInt(I)V @ 19 c2
Event: 329.072 Thread 0x000001c4e7c5f2b0 DEOPT PACKING pc=0x000001c49bfc10d8 sp=0x000000af328fec70
Event: 329.072 Thread 0x000001c4e7c5f2b0 DEOPT UNPACKING pc=0x000001c49b586da2 sp=0x000000af328fec18 mode 2
Event: 329.072 Thread 0x000001c4e7c5f2b0 Uncommon trap: trap_request=0xffffffde fr.pc=0x000001c49bfc10d8 relative=0x0000000000000418
Event: 329.072 Thread 0x000001c4e7c5f2b0 Uncommon trap: reason=class_check action=maybe_recompile pc=0x000001c49bfc10d8 method=java.io.DataOutputStream.writeInt(I)V @ 19 c2
Event: 329.072 Thread 0x000001c4e7c5f2b0 DEOPT PACKING pc=0x000001c49bfc10d8 sp=0x000000af328fec10
Event: 329.072 Thread 0x000001c4e7c5f2b0 DEOPT UNPACKING pc=0x000001c49b586da2 sp=0x000000af328febb8 mode 2
Event: 329.076 Thread 0x000001c4e7c5f2b0 Uncommon trap: trap_request=0xffffff45 fr.pc=0x000001c49bc68b4c relative=0x00000000000001ac
Event: 329.076 Thread 0x000001c4e7c5f2b0 Uncommon trap: reason=unstable_if action=reinterpret pc=0x000001c49bc68b4c method=jdk.internal.org.objectweb.asm.Frame.push(I)V @ 26 c2
Event: 329.076 Thread 0x000001c4e7c5f2b0 DEOPT PACKING pc=0x000001c49bc68b4c sp=0x000000af328fd5e0
Event: 329.076 Thread 0x000001c4e7c5f2b0 DEOPT UNPACKING pc=0x000001c49b586da2 sp=0x000000af328fd568 mode 2
Event: 329.094 Thread 0x000001c4e7c5f2b0 Uncommon trap: trap_request=0xffffffde fr.pc=0x000001c49c245058 relative=0x0000000000000578
Event: 329.094 Thread 0x000001c4e7c5f2b0 Uncommon trap: reason=class_check action=maybe_recompile pc=0x000001c49c245058 method=java.io.InputStream.read([BII)I @ 15 c2
Event: 329.094 Thread 0x000001c4e7c5f2b0 DEOPT PACKING pc=0x000001c49c245058 sp=0x000000af328fee20
Event: 329.094 Thread 0x000001c4e7c5f2b0 DEOPT UNPACKING pc=0x000001c49b586da2 sp=0x000000af328feda8 mode 2
Event: 329.095 Thread 0x000001c4e7c5f2b0 Uncommon trap: trap_request=0xffffffde fr.pc=0x000001c49c245058 relative=0x0000000000000578
Event: 329.095 Thread 0x000001c4e7c5f2b0 Uncommon trap: reason=class_check action=maybe_recompile pc=0x000001c49c245058 method=java.io.InputStream.read([BII)I @ 15 c2
Event: 329.095 Thread 0x000001c4e7c5f2b0 DEOPT PACKING pc=0x000001c49c245058 sp=0x000000af328fee20
Event: 329.095 Thread 0x000001c4e7c5f2b0 DEOPT UNPACKING pc=0x000001c49b586da2 sp=0x000000af328feda8 mode 2

Classes loaded (20 events):
Event: 161.232 Loading class java/util/stream/DistinctOps$1$2
Event: 161.232 Loading class java/util/stream/DistinctOps$1$2 done
Event: 202.905 Loading class sun/nio/fs/WindowsFileCopy
Event: 202.906 Loading class sun/nio/fs/WindowsFileCopy done
Event: 329.049 Loading class java/util/stream/Nodes$CollectorTask$OfRef
Event: 329.050 Loading class java/util/stream/Nodes$CollectorTask
Event: 329.050 Loading class java/util/stream/Nodes$CollectorTask done
Event: 329.050 Loading class java/util/stream/Nodes$CollectorTask$OfRef done
Event: 329.051 Loading class java/util/function/LongFunction
Event: 329.051 Loading class java/util/function/LongFunction done
Event: 329.051 Loading class java/util/stream/Nodes$ConcNode
Event: 329.052 Loading class java/util/stream/Nodes$AbstractConcNode
Event: 329.052 Loading class java/util/stream/Nodes$AbstractConcNode done
Event: 329.052 Loading class java/util/stream/Nodes$ConcNode done
Event: 329.064 Loading class java/io/ObjectOutputStream$BlockDataOutputStream
Event: 329.064 Loading class java/io/ObjectOutputStream$BlockDataOutputStream done
Event: 329.064 Loading class java/io/ObjectOutputStream$HandleTable
Event: 329.065 Loading class java/io/ObjectOutputStream$HandleTable done
Event: 329.065 Loading class java/io/ObjectOutputStream$ReplaceTable
Event: 329.065 Loading class java/io/ObjectOutputStream$ReplaceTable done

Classes unloaded (12 events):
Event: 20.781 Thread 0x000001c490eae790 Unloading class 0x000001c4a619c400 'java/lang/invoke/LambdaForm$MH+0x000001c4a619c400'
Event: 20.781 Thread 0x000001c490eae790 Unloading class 0x000001c4a619c000 'java/lang/invoke/LambdaForm$MH+0x000001c4a619c000'
Event: 20.781 Thread 0x000001c490eae790 Unloading class 0x000001c4a619bc00 'java/lang/invoke/LambdaForm$MH+0x000001c4a619bc00'
Event: 20.781 Thread 0x000001c490eae790 Unloading class 0x000001c4a619b800 'java/lang/invoke/LambdaForm$MH+0x000001c4a619b800'
Event: 20.781 Thread 0x000001c490eae790 Unloading class 0x000001c4a619b400 'java/lang/invoke/LambdaForm$BMH+0x000001c4a619b400'
Event: 20.781 Thread 0x000001c490eae790 Unloading class 0x000001c4a619b000 'java/lang/invoke/LambdaForm$DMH+0x000001c4a619b000'
Event: 20.781 Thread 0x000001c490eae790 Unloading class 0x000001c4a6199c00 'java/lang/invoke/LambdaForm$DMH+0x000001c4a6199c00'
Event: 22.088 Thread 0x000001c490eae790 Unloading class 0x000001c4a631fc00 'java/lang/invoke/LambdaForm$MH+0x000001c4a631fc00'
Event: 22.088 Thread 0x000001c490eae790 Unloading class 0x000001c4a631f000 'java/lang/invoke/LambdaForm$MH+0x000001c4a631f000'
Event: 22.088 Thread 0x000001c490eae790 Unloading class 0x000001c4a631e800 'java/lang/invoke/LambdaForm$MH+0x000001c4a631e800'
Event: 22.088 Thread 0x000001c490eae790 Unloading class 0x000001c4a631e400 'java/lang/invoke/LambdaForm$DMH+0x000001c4a631e400'
Event: 22.088 Thread 0x000001c490eae790 Unloading class 0x000001c4a631d400 'java/lang/invoke/LambdaForm$MH+0x000001c4a631d400'

Classes redefined (0 events):
No events

Internal exceptions (20 events):
Event: 99.508 Thread 0x000001c4ee954ef0 Exception <a 'java/lang/NoSuchMethodError'{0x00000000eaf4e9d0}: 'java.lang.Object java.lang.invoke.DirectMethodHandle$Holder.invokeStaticInit(java.lang.Object, java.lang.Object, java.lang.Object)'> (0x00000000eaf4e9d0) 
thrown [s\src\hotspot\share\interpreter\linkResolver.cpp, line 773]
Event: 161.253 Thread 0x000001c4e7c5c4c0 Implicit null exception at 0x000001c49c1111e2 to 0x000001c49c111644
Event: 202.906 Thread 0x000001c4e7c5c4c0 Exception <a 'sun/nio/fs/WindowsException'{0x00000000eb904510}> (0x00000000eb904510) 
thrown [s\src\hotspot\share\prims\jni.cpp, line 520]
Event: 203.103 Thread 0x000001c4e7c5c4c0 Exception <a 'sun/nio/fs/WindowsException'{0x00000000eaf82328}> (0x00000000eaf82328) 
thrown [s\src\hotspot\share\prims\jni.cpp, line 520]
Event: 213.236 Thread 0x000001c4e7c5c4c0 Exception <a 'sun/nio/fs/WindowsException'{0x00000000eac128e0}> (0x00000000eac128e0) 
thrown [s\src\hotspot\share\prims\jni.cpp, line 520]
Event: 213.385 Thread 0x000001c4e7c5c4c0 Exception <a 'sun/nio/fs/WindowsException'{0x00000000eadce8e0}> (0x00000000eadce8e0) 
thrown [s\src\hotspot\share\prims\jni.cpp, line 520]
Event: 222.992 Thread 0x000001c4e7c5c4c0 Exception <a 'sun/nio/fs/WindowsException'{0x00000000eb3a42e8}> (0x00000000eb3a42e8) 
thrown [s\src\hotspot\share\prims\jni.cpp, line 520]
Event: 223.096 Thread 0x000001c4e7c5c4c0 Exception <a 'sun/nio/fs/WindowsException'{0x00000000eb14b400}> (0x00000000eb14b400) 
thrown [s\src\hotspot\share\prims\jni.cpp, line 520]
Event: 234.834 Thread 0x000001c4e7c5c4c0 Implicit null exception at 0x000001c49c2d1ee4 to 0x000001c49c2d4778
Event: 234.861 Thread 0x000001c4e7c5c4c0 Exception <a 'sun/nio/fs/WindowsException'{0x00000000eb48b658}> (0x00000000eb48b658) 
thrown [s\src\hotspot\share\prims\jni.cpp, line 520]
Event: 234.952 Thread 0x000001c4e7c5c4c0 Exception <a 'sun/nio/fs/WindowsException'{0x00000000eb1f60c8}> (0x00000000eb1f60c8) 
thrown [s\src\hotspot\share\prims\jni.cpp, line 520]
Event: 260.625 Thread 0x000001c4ee956930 Exception <a 'sun/nio/fs/WindowsException'{0x00000000eb93ae30}> (0x00000000eb93ae30) 
thrown [s\src\hotspot\share\prims\jni.cpp, line 520]
Event: 260.625 Thread 0x000001c4ee956930 Exception <a 'sun/nio/fs/WindowsException'{0x00000000eb93b6b0}> (0x00000000eb93b6b0) 
thrown [s\src\hotspot\share\prims\jni.cpp, line 520]
Event: 260.625 Thread 0x000001c4ee956930 Exception <a 'sun/nio/fs/WindowsException'{0x00000000eb93c2f8}> (0x00000000eb93c2f8) 
thrown [s\src\hotspot\share\prims\jni.cpp, line 520]
Event: 260.625 Thread 0x000001c4ee956930 Exception <a 'sun/nio/fs/WindowsException'{0x00000000eb93ce50}> (0x00000000eb93ce50) 
thrown [s\src\hotspot\share\prims\jni.cpp, line 520]
Event: 260.626 Thread 0x000001c4ee956930 Exception <a 'sun/nio/fs/WindowsException'{0x00000000eb93e150}> (0x00000000eb93e150) 
thrown [s\src\hotspot\share\prims\jni.cpp, line 520]
Event: 260.626 Thread 0x000001c4ee956930 Exception <a 'sun/nio/fs/WindowsException'{0x00000000eb93e780}> (0x00000000eb93e780) 
thrown [s\src\hotspot\share\prims\jni.cpp, line 520]
Event: 260.697 Thread 0x000001c4eeb60320 Exception <a 'sun/nio/fs/WindowsException'{0x00000000eab2d1b8}> (0x00000000eab2d1b8) 
thrown [s\src\hotspot\share\prims\jni.cpp, line 520]
Event: 260.697 Thread 0x000001c4eeb60320 Exception <a 'sun/nio/fs/WindowsException'{0x00000000eab2d808}> (0x00000000eab2d808) 
thrown [s\src\hotspot\share\prims\jni.cpp, line 520]
Event: 329.077 Thread 0x000001c4e7c5f2b0 Exception <a 'java/lang/NoSuchMethodError'{0x00000000eacc9c60}: 'java.lang.Object java.lang.invoke.DirectMethodHandle$Holder.newInvokeSpecial(java.lang.Object, java.lang.Object, java.lang.Object, java.lang.Object, java.lang.Object, java.lang.Object, java.lang.Object, java.lang.Object)'> (0x00000000eacc9c60) 
thrown [s\src\hotspot\share\interpreter\linkResolver.cpp, line 773]

ZGC Phase Switch (0 events):
No events

VM Operations (20 events):
Event: 360.821 Executing VM operation: HandshakeAllThreads (HandshakeForDeflation)
Event: 360.821 Executing VM operation: HandshakeAllThreads (HandshakeForDeflation) done
Event: 360.821 Executing VM operation: RendezvousGCThreads
Event: 360.821 Executing VM operation: RendezvousGCThreads done
Event: 382.953 Executing VM operation: Cleanup
Event: 382.953 Executing VM operation: Cleanup done
Event: 421.082 Executing VM operation: HandshakeAllThreads (HandshakeForDeflation)
Event: 421.082 Executing VM operation: HandshakeAllThreads (HandshakeForDeflation) done
Event: 421.082 Executing VM operation: RendezvousGCThreads
Event: 421.082 Executing VM operation: RendezvousGCThreads done
Event: 535.849 Executing VM operation: Cleanup
Event: 535.849 Executing VM operation: Cleanup done
Event: 661.896 Executing VM operation: HandshakeAllThreads (HandshakeForDeflation)
Event: 661.896 Executing VM operation: HandshakeAllThreads (HandshakeForDeflation) done
Event: 661.896 Executing VM operation: RendezvousGCThreads
Event: 661.896 Executing VM operation: RendezvousGCThreads done
Event: 782.051 Executing VM operation: HandshakeAllThreads (HandshakeForDeflation)
Event: 782.051 Executing VM operation: HandshakeAllThreads (HandshakeForDeflation) done
Event: 782.051 Executing VM operation: RendezvousGCThreads
Event: 782.051 Executing VM operation: RendezvousGCThreads done

Memory protections (0 events):
No events

Nmethod flushes (20 events):
Event: 31.783 Thread 0x000001c490eae790 flushing osr nmethod 0x000001c494816010
Event: 31.783 Thread 0x000001c490eae790 flushing osr nmethod 0x000001c494849790
Event: 31.783 Thread 0x000001c490eae790 flushing  nmethod 0x000001c494872690
Event: 31.783 Thread 0x000001c490eae790 flushing  nmethod 0x000001c49487f110
Event: 31.783 Thread 0x000001c490eae790 flushing  nmethod 0x000001c49488d390
Event: 31.783 Thread 0x000001c490eae790 flushing  nmethod 0x000001c49489ab10
Event: 31.783 Thread 0x000001c490eae790 flushing  nmethod 0x000001c49489bc10
Event: 31.783 Thread 0x000001c490eae790 flushing  nmethod 0x000001c49489d510
Event: 31.783 Thread 0x000001c490eae790 flushing  nmethod 0x000001c49489db10
Event: 31.783 Thread 0x000001c490eae790 flushing  nmethod 0x000001c4948a1890
Event: 31.783 Thread 0x000001c490eae790 flushing  nmethod 0x000001c4948a1f90
Event: 31.783 Thread 0x000001c490eae790 flushing  nmethod 0x000001c4948a3e90
Event: 31.783 Thread 0x000001c490eae790 flushing  nmethod 0x000001c4948a4210
Event: 31.783 Thread 0x000001c490eae790 flushing  nmethod 0x000001c4948af610
Event: 31.783 Thread 0x000001c490eae790 flushing  nmethod 0x000001c4948b4f90
Event: 31.783 Thread 0x000001c490eae790 flushing  nmethod 0x000001c4948e1610
Event: 31.783 Thread 0x000001c490eae790 flushing  nmethod 0x000001c4948f6590
Event: 31.783 Thread 0x000001c490eae790 flushing  nmethod 0x000001c494917d10
Event: 31.783 Thread 0x000001c490eae790 flushing  nmethod 0x000001c494919810
Event: 31.783 Thread 0x000001c490eae790 flushing  nmethod 0x000001c494928390

Events (20 events):
Event: 333.876 Thread 0x000001c4ec8ebe70 Thread exited: 0x000001c4ec8ebe70
Event: 380.670 Thread 0x000001c4ee956fc0 Thread exited: 0x000001c4ee956fc0
Event: 382.760 Thread 0x000001c4e7bd0f70 Thread added: 0x000001c4ee5ca6d0
Event: 382.780 Thread 0x000001c4e7bd0f70 Thread added: 0x000001c4ee5cb470
Event: 387.869 Thread 0x000001c4ee5cb470 Thread exited: 0x000001c4ee5cb470
Event: 390.520 Thread 0x000001c4ee5ca6d0 Thread exited: 0x000001c4ee5ca6d0
Event: 392.995 Thread 0x000001c4ec8e89f0 Thread exited: 0x000001c4ec8e89f0
Event: 440.684 Thread 0x000001c4ee9541d0 Thread exited: 0x000001c4ee9541d0
Event: 453.000 Thread 0x000001c4ec8e8360 Thread exited: 0x000001c4ec8e8360
Event: 500.686 Thread 0x000001c4ee955c10 Thread exited: 0x000001c4ee955c10
Event: 513.000 Thread 0x000001c4ec8eb150 Thread exited: 0x000001c4ec8eb150
Event: 513.326 Thread 0x000001c4ec8e6fb0 Thread exited: 0x000001c4ec8e6fb0
Event: 513.384 Thread 0x000001c4ec8e7640 Thread exited: 0x000001c4ec8e7640
Event: 523.087 Thread 0x000001c4ec8e5c00 Thread exited: 0x000001c4ec8e5c00
Event: 523.153 Thread 0x000001c4ec8e9710 Thread exited: 0x000001c4ec8e9710
Event: 534.943 Thread 0x000001c4ec8e4ee0 Thread exited: 0x000001c4ec8e4ee0
Event: 534.987 Thread 0x000001c4ec8e6290 Thread exited: 0x000001c4ec8e6290
Event: 560.701 Thread 0x000001c4ee951a70 Thread exited: 0x000001c4ee951a70
Event: 620.715 Thread 0x000001c4ee9562a0 Thread exited: 0x000001c4ee9562a0
Event: 919.084 Thread 0x000001c4ee954860 Thread added: 0x000001c4eeb609b0


Dynamic libraries:
0x00007ff76fc90000 - 0x00007ff76fc9e000 	c:\Users\pauld\.windsurf\extensions\redhat.java-1.41.1-win32-x64\jre\21.0.6-win32-x86_64\bin\java.exe
0x00007ffa94f90000 - 0x00007ffa951a7000 	C:\windows\SYSTEM32\ntdll.dll
0x00007ffa92ce0000 - 0x00007ffa92da4000 	C:\windows\System32\KERNEL32.DLL
0x00007ffa926c0000 - 0x00007ffa92a91000 	C:\windows\System32\KERNELBASE.dll
0x00007ffa92400000 - 0x00007ffa92511000 	C:\windows\System32\ucrtbase.dll
0x00007ffa6d020000 - 0x00007ffa6d038000 	c:\Users\pauld\.windsurf\extensions\redhat.java-1.41.1-win32-x64\jre\21.0.6-win32-x86_64\bin\jli.dll
0x00007ffa931b0000 - 0x00007ffa93361000 	C:\windows\System32\USER32.dll
0x00007ffa923d0000 - 0x00007ffa923f6000 	C:\windows\System32\win32u.dll
0x00007ffa92fb0000 - 0x00007ffa92fd9000 	C:\windows\System32\GDI32.dll
0x00007ffa657d0000 - 0x00007ffa657ee000 	c:\Users\pauld\.windsurf\extensions\redhat.java-1.41.1-win32-x64\jre\21.0.6-win32-x86_64\bin\VCRUNTIME140.dll
0x00007ffa925a0000 - 0x00007ffa926bb000 	C:\windows\System32\gdi32full.dll
0x00007ffa92330000 - 0x00007ffa923ca000 	C:\windows\System32\msvcp_win.dll
0x00007ffa700f0000 - 0x00007ffa70382000 	C:\windows\WinSxS\amd64_microsoft.windows.common-controls_6595b64144ccf1df_6.0.22621.4830_none_270fe7d773858e80\COMCTL32.dll
0x00007ffa93100000 - 0x00007ffa931a7000 	C:\windows\System32\msvcrt.dll
0x00007ffa94c30000 - 0x00007ffa94c61000 	C:\windows\System32\IMM32.DLL
0x00007ffa75ec0000 - 0x00007ffa75ecc000 	c:\Users\pauld\.windsurf\extensions\redhat.java-1.41.1-win32-x64\jre\21.0.6-win32-x86_64\bin\vcruntime140_1.dll
0x00007ffa445d0000 - 0x00007ffa4465d000 	c:\Users\pauld\.windsurf\extensions\redhat.java-1.41.1-win32-x64\jre\21.0.6-win32-x86_64\bin\msvcp140.dll
0x00007ff9f3430000 - 0x00007ff9f41c0000 	c:\Users\pauld\.windsurf\extensions\redhat.java-1.41.1-win32-x64\jre\21.0.6-win32-x86_64\bin\server\jvm.dll
0x00007ffa947a0000 - 0x00007ffa94851000 	C:\windows\System32\ADVAPI32.dll
0x00007ffa946f0000 - 0x00007ffa94797000 	C:\windows\System32\sechost.dll
0x00007ffa920d0000 - 0x00007ffa920f8000 	C:\windows\System32\bcrypt.dll
0x00007ffa92fe0000 - 0x00007ffa930f4000 	C:\windows\System32\RPCRT4.dll
0x00007ffa92db0000 - 0x00007ffa92e21000 	C:\windows\System32\WS2_32.dll
0x00007ffa90fa0000 - 0x00007ffa90fed000 	C:\windows\SYSTEM32\POWRPROF.dll
0x00007ffa82b50000 - 0x00007ffa82b84000 	C:\windows\SYSTEM32\WINMM.dll
0x00007ffa871a0000 - 0x00007ffa871aa000 	C:\windows\SYSTEM32\VERSION.dll
0x00007ffa90f60000 - 0x00007ffa90f73000 	C:\windows\SYSTEM32\UMPDC.dll
0x00007ffa91210000 - 0x00007ffa91228000 	C:\windows\SYSTEM32\kernel.appcore.dll
0x00007ffa75be0000 - 0x00007ffa75bea000 	c:\Users\pauld\.windsurf\extensions\redhat.java-1.41.1-win32-x64\jre\21.0.6-win32-x86_64\bin\jimage.dll
0x00007ffa8fbe0000 - 0x00007ffa8fe12000 	C:\windows\SYSTEM32\DBGHELP.DLL
0x00007ffa93d20000 - 0x00007ffa940b0000 	C:\windows\System32\combase.dll
0x00007ffa94610000 - 0x00007ffa946e7000 	C:\windows\System32\OLEAUT32.dll
0x00007ffa84bb0000 - 0x00007ffa84be2000 	C:\windows\SYSTEM32\dbgcore.DLL
0x00007ffa92be0000 - 0x00007ffa92c5b000 	C:\windows\System32\bcryptPrimitives.dll
0x00007ffa6f8c0000 - 0x00007ffa6f8cf000 	c:\Users\pauld\.windsurf\extensions\redhat.java-1.41.1-win32-x64\jre\21.0.6-win32-x86_64\bin\instrument.dll
0x00007ffa655b0000 - 0x00007ffa655cf000 	c:\Users\pauld\.windsurf\extensions\redhat.java-1.41.1-win32-x64\jre\21.0.6-win32-x86_64\bin\java.dll
0x00007ffa933e0000 - 0x00007ffa93c68000 	C:\windows\System32\SHELL32.dll
0x00007ffa92aa0000 - 0x00007ffa92bdf000 	C:\windows\System32\wintypes.dll
0x00007ffa90030000 - 0x00007ffa9093d000 	C:\windows\SYSTEM32\windows.storage.dll
0x00007ffa94a10000 - 0x00007ffa94b1a000 	C:\windows\System32\SHCORE.dll
0x00007ffa94120000 - 0x00007ffa9417e000 	C:\windows\System32\shlwapi.dll
0x00007ffa92000000 - 0x00007ffa9202b000 	C:\windows\SYSTEM32\profapi.dll
0x00007ffa653a0000 - 0x00007ffa653b8000 	c:\Users\pauld\.windsurf\extensions\redhat.java-1.41.1-win32-x64\jre\21.0.6-win32-x86_64\bin\zip.dll
0x00007ffa6cf80000 - 0x00007ffa6cf90000 	C:\Users\pauld\.windsurf\extensions\redhat.java-1.41.1-win32-x64\jre\21.0.6-win32-x86_64\bin\net.dll
0x00007ffa8d9c0000 - 0x00007ffa8daec000 	C:\windows\SYSTEM32\WINHTTP.dll
0x00007ffa91680000 - 0x00007ffa916ea000 	C:\windows\system32\mswsock.dll
0x00007ffa5fd30000 - 0x00007ffa5fd46000 	C:\Users\pauld\.windsurf\extensions\redhat.java-1.41.1-win32-x64\jre\21.0.6-win32-x86_64\bin\nio.dll
0x00007ffa6bc00000 - 0x00007ffa6bc10000 	c:\Users\pauld\.windsurf\extensions\redhat.java-1.41.1-win32-x64\jre\21.0.6-win32-x86_64\bin\verify.dll
0x00007ffa45580000 - 0x00007ffa455c5000 	C:\Users\pauld\AppData\Roaming\Windsurf\User\globalStorage\redhat.java\1.41.1\config_win\org.eclipse.equinox.launcher\org.eclipse.equinox.launcher.win32.win32.x86_64_1.2.1300.v20250331-1702\eclipse_11911.dll
0x00007ffa94860000 - 0x00007ffa94a01000 	C:\windows\System32\ole32.dll
0x00007ffa918d0000 - 0x00007ffa918eb000 	C:\windows\SYSTEM32\CRYPTSP.dll
0x00007ffa91170000 - 0x00007ffa911a7000 	C:\windows\system32\rsaenh.dll
0x00007ffa91770000 - 0x00007ffa91798000 	C:\windows\SYSTEM32\USERENV.dll
0x00007ffa918f0000 - 0x00007ffa918fc000 	C:\windows\SYSTEM32\CRYPTBASE.dll
0x00007ffa90b90000 - 0x00007ffa90bbd000 	C:\windows\SYSTEM32\IPHLPAPI.DLL
0x00007ffa94110000 - 0x00007ffa94119000 	C:\windows\System32\NSI.dll
0x00007ffa264d0000 - 0x00007ffa26519000 	C:\Users\pauld\AppData\Local\Temp\jna-106439964\jna9704973900996114023.dll
0x00007ffa94c70000 - 0x00007ffa94c78000 	C:\windows\System32\PSAPI.DLL
0x00007ffa8a780000 - 0x00007ffa8a799000 	C:\windows\SYSTEM32\dhcpcsvc6.DLL
0x00007ffa8a6c0000 - 0x00007ffa8a6df000 	C:\windows\SYSTEM32\dhcpcsvc.DLL
0x00007ffa691f0000 - 0x00007ffa691f9000 	C:\Users\pauld\.windsurf\extensions\redhat.java-1.41.1-win32-x64\jre\21.0.6-win32-x86_64\bin\extnet.dll

dbghelp: loaded successfully - version: 4.0.5 - missing functions: none
symbol engine: initialized successfully - sym options: 0x614 - pdb path: .;c:\Users\pauld\.windsurf\extensions\redhat.java-1.41.1-win32-x64\jre\21.0.6-win32-x86_64\bin;C:\windows\SYSTEM32;C:\windows\WinSxS\amd64_microsoft.windows.common-controls_6595b64144ccf1df_6.0.22621.4830_none_270fe7d773858e80;c:\Users\pauld\.windsurf\extensions\redhat.java-1.41.1-win32-x64\jre\21.0.6-win32-x86_64\bin\server;C:\Users\pauld\AppData\Roaming\Windsurf\User\globalStorage\redhat.java\1.41.1\config_win\org.eclipse.equinox.launcher\org.eclipse.equinox.launcher.win32.win32.x86_64_1.2.1300.v20250331-1702;C:\Users\pauld\AppData\Local\Temp\jna-106439964

VM Arguments:
jvm_args: --add-modules=ALL-SYSTEM --add-opens=java.base/java.util=ALL-UNNAMED --add-opens=java.base/java.lang=ALL-UNNAMED --add-opens=java.base/sun.nio.fs=ALL-UNNAMED -Declipse.application=org.eclipse.jdt.ls.core.id1 -Dosgi.bundles.defaultStartLevel=4 -Declipse.product=org.eclipse.jdt.ls.core.product -Djava.import.generatesMetadataFilesAtProjectRoot=false -DDetectVMInstallationsJob.disabled=true -Dfile.encoding=utf8 -XX:+UseParallelGC -XX:GCTimeRatio=4 -XX:AdaptiveSizePolicyWeight=90 -Dsun.zip.disableMemoryMapping=true -Xmx1G -Xms100m -Xlog:disable -javaagent:c:\Users\pauld\.windsurf\extensions\redhat.java-1.41.1-win32-x64\lombok\lombok-1.18.36.jar -XX:+HeapDumpOnOutOfMemoryError -XX:HeapDumpPath=c:\Users\pauld\AppData\Roaming\Windsurf\User\workspaceStorage\8a4dcf82ffc1df776016f311c2325f84\redhat.java -Daether.dependencyCollector.impl=bf 
java_command: c:\Users\pauld\.windsurf\extensions\redhat.java-1.41.1-win32-x64\server\plugins\org.eclipse.equinox.launcher_1.7.0.v20250331-1702.jar -configuration c:\Users\pauld\AppData\Roaming\Windsurf\User\globalStorage\redhat.java\1.41.1\config_win -data c:\Users\pauld\AppData\Roaming\Windsurf\User\workspaceStorage\8a4dcf82ffc1df776016f311c2325f84\redhat.java\jdt_ws --pipe=\\.\pipe\lsp-3817a47946cc4fa32b09d012a1b3ce6a-sock
java_class_path (initial): c:\Users\pauld\.windsurf\extensions\redhat.java-1.41.1-win32-x64\server\plugins\org.eclipse.equinox.launcher_1.7.0.v20250331-1702.jar
Launcher Type: SUN_STANDARD

[Global flags]
    uintx AdaptiveSizePolicyWeight                 = 90                                        {product} {command line}
     intx CICompilerCount                          = 4                                         {product} {ergonomic}
    uintx GCTimeRatio                              = 4                                         {product} {command line}
     bool HeapDumpOnOutOfMemoryError               = true                                   {manageable} {command line}
    ccstr HeapDumpPath                             = c:\Users\pauld\AppData\Roaming\Windsurf\User\workspaceStorage\8a4dcf82ffc1df776016f311c2325f84\redhat.java         {manageable} {command line}
   size_t InitialHeapSize                          = 104857600                                 {product} {command line}
   size_t MaxHeapSize                              = 1073741824                                {product} {command line}
   size_t MaxNewSize                               = 357564416                                 {product} {ergonomic}
   size_t MinHeapDeltaBytes                        = 524288                                    {product} {ergonomic}
   size_t MinHeapSize                              = 104857600                                 {product} {command line}
   size_t NewSize                                  = 34603008                                  {product} {ergonomic}
    uintx NonNMethodCodeHeapSize                   = 5839372                                {pd product} {ergonomic}
    uintx NonProfiledCodeHeapSize                  = 122909434                              {pd product} {ergonomic}
   size_t OldSize                                  = 70254592                                  {product} {ergonomic}
    uintx ProfiledCodeHeapSize                     = 122909434                              {pd product} {ergonomic}
    uintx ReservedCodeCacheSize                    = 251658240                              {pd product} {ergonomic}
     bool SegmentedCodeCache                       = true                                      {product} {ergonomic}
   size_t SoftMaxHeapSize                          = 1073741824                             {manageable} {ergonomic}
     bool UseCompressedOops                        = true                           {product lp64_product} {ergonomic}
     bool UseLargePagesIndividualAllocation        = false                                  {pd product} {ergonomic}
     bool UseParallelGC                            = true                                      {product} {command line}

Logging:
Log output configuration:
 #0: stdout all=off uptime,level,tags foldmultilines=false
 #1: stderr all=off uptime,level,tags foldmultilines=false

Environment Variables:
PATH=C:\Program Files (x86)\Common Files\Oracle\Java\javapath;C:\windows\system32;C:\windows;C:\windows\System32\Wbem;C:\windows\System32\WindowsPowerShell\v1.0\;C:\windows\System32\OpenSSH\;C:\Program Files (x86)\NVIDIA Corporation\PhysX\Common;C:\Program Files\NVIDIA Corporation\NVIDIA NvDLISR;C:\Program Files\Git\cmd;C:\Program Files\nodejs\;C:\Program Files (x86)\dotnet\;C:\wamp64\bin\php\php7.4.33;C:\ProgramData\ComposerSetup\bin;C:\Users\pauld\scoop\shims;C:\Users\pauld\AppData\Local\Programs\Python\Python312\Scripts\;C:\Users\pauld\AppData\Local\Programs\Python\Python312\;C:\Users\pauld\AppData\Local\Microsoft\WindowsApps;C:\Users\pauld\AppData\Local\Programs\Microsoft VS Code\bin;C:\Program Files\JetBrains\CLion 2023.1\bin;;C:\intelFPGA\20.1\modelsim_ase\win32aloem;C:\Users\pauld\AppData\Roaming\npm;C:\Users\pauld\AppData\Roaming\Composer\vendor\bin;C:\wamp64\bin\php\php8.2.25;C:\Users\pauld\AppData\Roaming\Composer\vendor\bin;C:\Users\pauld\AppData\Local\Programs\cursor\resources\app\bin;C:\Users\pauld\AppData\Local\Programs\Windsurf\bin
USERNAME=pauld
OS=Windows_NT
PROCESSOR_IDENTIFIER=Intel64 Family 6 Model 140 Stepping 1, GenuineIntel
TMP=C:\Users\pauld\AppData\Local\Temp
TEMP=C:\Users\pauld\AppData\Local\Temp




Periodic native trim disabled

---------------  S Y S T E M  ---------------

OS:
 Windows 11 , 64 bit Build 22621 (10.0.22621.4974)
OS uptime: 3 days 17:28 hours

CPU: total 8 (initial active 8) (4 cores per cpu, 2 threads per core) family 6 model 140 stepping 1 microcode 0xa4, cx8, cmov, fxsr, ht, mmx, 3dnowpref, sse, sse2, sse3, ssse3, sse4.1, sse4.2, popcnt, lzcnt, tsc, tscinvbit, avx, avx2, aes, erms, clmul, bmi1, bmi2, adx, avx512f, avx512dq, avx512cd, avx512bw, avx512vl, sha, fma, vzeroupper, avx512_vpopcntdq, avx512_vpclmulqdq, avx512_vaes, avx512_vnni, clflush, clflushopt, clwb, avx512_vbmi2, avx512_vbmi, rdtscp, rdpid, fsrm, gfni, avx512_bitalg, f16c, pku, cet_ibt, cet_ss, avx512_ifma
Processor Information for processor 0
  Max Mhz: 2419, Current Mhz: 1209, Mhz Limit: 2419
Processor Information for processor 1
  Max Mhz: 2419, Current Mhz: 2419, Mhz Limit: 2419
Processor Information for processor 2
  Max Mhz: 2419, Current Mhz: 2419, Mhz Limit: 2419
Processor Information for processor 3
  Max Mhz: 2419, Current Mhz: 2419, Mhz Limit: 2419
Processor Information for processor 4
  Max Mhz: 2419, Current Mhz: 2419, Mhz Limit: 2419
Processor Information for processor 5
  Max Mhz: 2419, Current Mhz: 2419, Mhz Limit: 2419
Processor Information for processor 6
  Max Mhz: 2419, Current Mhz: 1209, Mhz Limit: 2419
Processor Information for processor 7
  Max Mhz: 2419, Current Mhz: 2419, Mhz Limit: 2419

Memory: 4k page, system-wide physical 16133M (335M free)
TotalPageFile size 33021M (AvailPageFile size 11M)
current process WorkingSet (physical memory assigned to process): 350M, peak: 355M
current process commit charge ("private bytes"): 391M, peak: 398M

vm_info: OpenJDK 64-Bit Server VM (21.0.6+7-LTS) for windows-amd64 JRE (21.0.6+7-LTS), built on 2025-01-21T00:00:00Z by "admin" with MS VC++ 17.7 (VS2022)

END.
